2022-12-25 12:06:41 INFO  Info log message
w2022-12-25 12:06:41 ERROR Error log message
w2022-12-25 12:06:59 INFO  Info log message
w2022-12-25 12:06:59 ERROR Error log message
w2022-12-25 12:07:23 INFO  Info log message
w2022-12-25 12:07:23 ERROR Error log message
w2022-12-25 12:07:45 INFO  HHH000204: Processing PersistenceUnitInfo [name: default]
w2022-12-25 12:07:45 INFO  HHH000412: Hibernate ORM core version 5.6.9.Final
w2022-12-25 12:07:45 INFO  HCANN000001: Hibernate Commons Annotations {5.1.2.Final}
w2022-12-25 12:07:45 INFO  HHH000400: Using dialect: org.hibernate.dialect.H2Dialect
w2022-12-25 12:07:46 INFO  HHH000490: Using JtaPlatform implementation: [org.hibernate.engine.transaction.jta.platform.internal.NoJtaPlatform]
w2022-12-25 12:08:25 INFO  Info log message
w2022-12-25 12:08:25 ERROR Error log message
w2022-12-25 12:08:55 INFO  Info log message
w2022-12-25 12:08:55 ERROR Error log message
w2022-12-25 12:12:39 DEBUG Debug log message
w2022-12-25 12:12:39 INFO  Info log message
w2022-12-25 12:12:39 ERROR Error log message
w2022-12-25 12:14:22 DEBUG Debug log message
w2022-12-25 12:14:22 INFO  Info log message
w2022-12-25 12:14:22 ERROR Error log message
w2022-12-25 12:17:52 DEBUG Debug log message
w2022-12-25 12:17:52 INFO  Info log message
w2022-12-25 12:17:52 ERROR Error log message
w2022-12-25 12:22:11 DEBUG Debug log message
w2022-12-25 12:22:11 INFO  Info log message
w2022-12-25 12:22:11 ERROR Error log message
w2022-12-25 12:22:11 TRACE Trace log message
w2022-12-25 12:22:38 DEBUG Debug log message
w2022-12-25 12:22:38 INFO  Info log message
w2022-12-25 12:22:38 ERROR Error log message
w2022-12-25 12:22:38 TRACE Trace log message
w2022-12-25 12:24:31 FATAL Fatal log message
w2022-12-25 12:24:51 ERROR Error log message
w2022-12-25 12:24:51 WARN  Warn log message
w2022-12-25 12:24:51 FATAL Fatal log message
w2022-12-25 12:24:53 ERROR Error log message
w2022-12-25 12:24:53 WARN  Warn log message
w2022-12-25 12:24:53 FATAL Fatal log message
w2022-12-25 12:25:27 FATAL Fatal log message
w2022-12-25 12:25:29 FATAL Fatal log message
w2022-12-25 12:26:12 DEBUG Debug log message
w2022-12-25 12:26:12 INFO  Info log message
w2022-12-25 12:26:12 ERROR Error log message
w2022-12-25 12:26:12 TRACE Trace log message
w2022-12-25 12:26:34 ERROR Error log message
w2022-12-25 12:26:34 WARN  Warn log message
w2022-12-25 12:27:24 FATAL Warn log message
w2022-12-25 12:28:30 FATAL Warn log message
w2022-12-25 12:28:56 FATAL Fatal log message
w2022-12-25 12:29:18 ERROR Error log message
w2022-12-25 12:29:18 WARN  Fatal log message
w2022-12-25 12:29:35 ERROR Error log message
w2022-12-25 12:29:35 INFO  Info log message
w2022-12-25 12:29:35 DEBUG Debug log message
w2022-12-25 12:29:35 TRACE Trace log message
w2022-12-25 17:59:05 ERROR Error log message
w2022-12-25 17:59:05 INFO  Info log message
w2022-12-25 17:59:05 DEBUG Debug log message
w2022-12-25 17:59:05 TRACE Trace log message
w2022-12-25 17:59:16 ERROR Error log message
w2022-12-25 17:59:16 INFO  Info log message
w2022-12-25 17:59:16 DEBUG Debug log message
w2022-12-25 17:59:16 TRACE Trace log message
w2022-12-25 18:02:34 ERROR Error log message
w2022-12-25 18:02:34 INFO  Info log message
w2022-12-25 18:02:34 DEBUG Debug log message
w2022-12-25 18:02:34 TRACE Trace log message
w2022-12-25 18:13:04 ERROR Error log message
w2022-12-25 18:13:04 INFO  Info log message
w2022-12-25 18:13:04 DEBUG Debug log message
w2022-12-25 18:13:04 TRACE Trace log message
w2022-12-25 18:13:13 ERROR Error log message
w2022-12-25 18:13:13 INFO  Info log message
w2022-12-25 18:13:13 DEBUG Debug log message
w2022-12-25 18:13:13 TRACE Trace log message
w2022-12-25 18:15:11 ERROR Error log message
w2022-12-25 18:15:11 INFO  Info log message
w2022-12-25 18:15:11 DEBUG Debug log message
w2022-12-25 18:15:11 TRACE Trace log message
w